<?xml version="1.0" encoding="UTF-8"?>
<testng-results ignored="0" total="5" passed="3" failed="2" skipped="0">
  <reporter-output>
  </reporter-output>
  <suite started-at="2023-08-11T20:55:10Z" name="Suite" finished-at="2023-08-11T20:55:35Z" duration-ms="25577">
    <groups>
      <group name="Smoke">
        <method signature="Radiobtn_Test.radio_button()[pri:0, instance:ca.codenbox.Final_E2E_Maven.Radiobtn_Test@24b6b8f6]" name="radio_button" class="ca.codenbox.Final_E2E_Maven.Radiobtn_Test"/>
      </group> <!-- Smoke -->
    </groups>
    <test started-at="2023-08-11T20:55:10Z" name="Test" finished-at="2023-08-11T20:55:35Z" duration-ms="25577">
      <class name="ca.codenbox.Final_E2E_Maven.DropDownTest">
        <test-method is-config="true" signature="initialization_driver()[pri:0, instance:ca.codenbox.Final_E2E_Maven.DropDownTest@58359ebd]" started-at="2023-08-11T20:55:10Z" name="initialization_driver" finished-at="2023-08-11T20:55:16Z" duration-ms="6148" status="PASS">
          <reporter-output>
          </reporter-output>
        </test-method> <!-- initialization_driver -->
        <test-method signature="dropdowntest()[pri:0, instance:ca.codenbox.Final_E2E_Maven.DropDownTest@58359ebd]" started-at="2023-08-11T20:55:16Z" name="dropdowntest" finished-at="2023-08-11T20:55:17Z" duration-ms="1064" status="PASS">
          <reporter-output>
          </reporter-output>
        </test-method> <!-- dropdowntest -->
        <test-method is-config="true" signature="tear_down()[pri:0, instance:ca.codenbox.Final_E2E_Maven.DropDownTest@58359ebd]" started-at="2023-08-11T20:55:17Z" name="tear_down" finished-at="2023-08-11T20:55:17Z" duration-ms="302" status="PASS">
          <reporter-output>
          </reporter-output>
        </test-method> <!-- tear_down -->
      </class> <!-- ca.codenbox.Final_E2E_Maven.DropDownTest -->
      <class name="ca.codenbox.Final_E2E_Maven.Radiobtn_Test">
        <test-method is-config="true" signature="initialization_driver()[pri:0, instance:ca.codenbox.Final_E2E_Maven.Radiobtn_Test@24b6b8f6]" started-at="2023-08-11T20:55:17Z" name="initialization_driver" finished-at="2023-08-11T20:55:22Z" duration-ms="5017" status="PASS">
          <reporter-output>
          </reporter-output>
        </test-method> <!-- initialization_driver -->
        <test-method signature="radio_button()[pri:0, instance:ca.codenbox.Final_E2E_Maven.Radiobtn_Test@24b6b8f6]" started-at="2023-08-11T20:55:22Z" name="radio_button" finished-at="2023-08-11T20:55:22Z" duration-ms="79" status="PASS">
          <reporter-output>
          </reporter-output>
        </test-method> <!-- radio_button -->
        <test-method is-config="true" signature="tear_down()[pri:0, instance:ca.codenbox.Final_E2E_Maven.Radiobtn_Test@24b6b8f6]" started-at="2023-08-11T20:55:22Z" name="tear_down" finished-at="2023-08-11T20:55:23Z" duration-ms="311" status="PASS">
          <reporter-output>
          </reporter-output>
        </test-method> <!-- tear_down -->
        <test-method is-config="true" signature="initialization_driver()[pri:0, instance:ca.codenbox.Final_E2E_Maven.Radiobtn_Test@24b6b8f6]" started-at="2023-08-11T20:55:23Z" name="initialization_driver" finished-at="2023-08-11T20:55:28Z" duration-ms="5177" status="PASS">
          <reporter-output>
          </reporter-output>
        </test-method> <!-- initialization_driver -->
        <test-method signature="verifyTitle()[pri:0, instance:ca.codenbox.Final_E2E_Maven.Radiobtn_Test@24b6b8f6]" started-at="2023-08-11T20:55:28Z" name="verifyTitle" finished-at="2023-08-11T20:55:28Z" duration-ms="13" status="PASS">
          <reporter-output>
          </reporter-output>
        </test-method> <!-- verifyTitle -->
        <test-method is-config="true" signature="tear_down()[pri:0, instance:ca.codenbox.Final_E2E_Maven.Radiobtn_Test@24b6b8f6]" started-at="2023-08-11T20:55:28Z" name="tear_down" finished-at="2023-08-11T20:55:28Z" duration-ms="310" status="PASS">
          <reporter-output>
          </reporter-output>
        </test-method> <!-- tear_down -->
        <test-method is-config="true" signature="initialization_driver()[pri:0, instance:ca.codenbox.Final_E2E_Maven.Radiobtn_Test@24b6b8f6]" started-at="2023-08-11T20:55:28Z" name="initialization_driver" finished-at="2023-08-11T20:55:34Z" duration-ms="5547" status="PASS">
          <reporter-output>
          </reporter-output>
        </test-method> <!-- initialization_driver -->
        <test-method signature="checkBoxTest()[pri:1, instance:ca.codenbox.Final_E2E_Maven.Radiobtn_Test@24b6b8f6]" started-at="2023-08-11T20:55:34Z" name="checkBoxTest" finished-at="2023-08-11T20:55:35Z" duration-ms="1131" status="FAIL">
          <exception class="org.openqa.selenium.ElementClickInterceptedException">
            <message>
              <![CDATA[element click intercepted: Element <input id="checkBoxOption1" value="option1" name="checkBoxOption1" type="checkbox"> is not clickable at point (307, 633). Other element would receive the click: <iframe id="aswift_1" name="aswift_1" style="width: 1005px !important; height: 124px !important; display: block; margin: 0px auto;" sandbox="allow-forms allow-popups allow-popups-to-escape-sandbox allow-same-origin allow-scripts allow-top-navigation-by-user-activation" width="1005" height="124" frameborder="0" marginwidth="0" marginheight="0" vspace="0" hspace="0" allowtransparency="true" scrolling="no" src="https://googleads.g.doubleclick.net/pagead/html/r20230809/r20110914/zrt_lookup.html?fsb=1#RS-1-&amp;adk=1812271801&amp;client=ca-pub-1974398531910611&amp;fa=1&amp;ifi=2&amp;uci=a!2&amp;btvi=1&amp;xpc=PegwfYyc5N&amp;p=https%3A//codenboxautomationlab.com" data-google-container-id="a!2" data-google-query-id="CO-K3q--1YADFQUXAQod8gAMog" data-load-complete="true"></iframe>
  (Session info: chrome=115.0.5790.171)
Build info: version: '4.9.0', revision: 'd7057100a6'
System info: os.name: 'Windows 11', os.arch: 'amd64', os.version: '10.0', java.version: '17.0.6'
Driver info: org.openqa.selenium.chrome.ChromeDriver
Command: [75c9e2019cf200b63f90b3ef72235ac7, clickElement {id=8ABBBC3914CA67C24746668B0EC81DFA_element_47}]
Capabilities {acceptInsecureCerts: false, browserName: chrome, browserVersion: 115.0.5790.171, chrome: {chromedriverVersion: 114.0.5735.90 (386bc09e8f4f..., userDataDir: C:\Users\ayesh\AppData\Loca...}, goog:chromeOptions: {debuggerAddress: localhost:59427}, networkConnectionEnabled: false, pageLoadStrategy: normal, platformName: WINDOWS, proxy: Proxy(), se:cdp: ws://localhost:59427/devtoo..., se:cdpVersion: 115.0.5790.171, setWindowRect: true, strictFileInteractability: false, timeouts: {implicit: 0, pageLoad: 300000, script: 30000}, unhandledPromptBehavior: dismiss and notify, webauthn:extension:credBlob: true, webauthn:extension:largeBlob: true, webauthn:extension:minPinLength: true, webauthn:extension:prf: true, webauthn:virtualAuthenticators: true}
Element: [[ChromeDriver: chrome on WINDOWS (75c9e2019cf200b63f90b3ef72235ac7)] -> id: checkBoxOption1]
Session ID: 75c9e2019cf200b63f90b3ef72235ac7]]>
            </message>
            <full-stacktrace>
              <![CDATA[org.openqa.selenium.ElementClickInterceptedException: element click intercepted: Element <input id="checkBoxOption1" value="option1" name="checkBoxOption1" type="checkbox"> is not clickable at point (307, 633). Other element would receive the click: <iframe id="aswift_1" name="aswift_1" style="width: 1005px !important; height: 124px !important; display: block; margin: 0px auto;" sandbox="allow-forms allow-popups allow-popups-to-escape-sandbox allow-same-origin allow-scripts allow-top-navigation-by-user-activation" width="1005" height="124" frameborder="0" marginwidth="0" marginheight="0" vspace="0" hspace="0" allowtransparency="true" scrolling="no" src="https://googleads.g.doubleclick.net/pagead/html/r20230809/r20110914/zrt_lookup.html?fsb=1#RS-1-&amp;adk=1812271801&amp;client=ca-pub-1974398531910611&amp;fa=1&amp;ifi=2&amp;uci=a!2&amp;btvi=1&amp;xpc=PegwfYyc5N&amp;p=https%3A//codenboxautomationlab.com" data-google-container-id="a!2" data-google-query-id="CO-K3q--1YADFQUXAQod8gAMog" data-load-complete="true"></iframe>
  (Session info: chrome=115.0.5790.171)
Build info: version: '4.9.0', revision: 'd7057100a6'
System info: os.name: 'Windows 11', os.arch: 'amd64', os.version: '10.0', java.version: '17.0.6'
Driver info: org.openqa.selenium.chrome.ChromeDriver
Command: [75c9e2019cf200b63f90b3ef72235ac7, clickElement {id=8ABBBC3914CA67C24746668B0EC81DFA_element_47}]
Capabilities {acceptInsecureCerts: false, browserName: chrome, browserVersion: 115.0.5790.171, chrome: {chromedriverVersion: 114.0.5735.90 (386bc09e8f4f..., userDataDir: C:\Users\ayesh\AppData\Loca...}, goog:chromeOptions: {debuggerAddress: localhost:59427}, networkConnectionEnabled: false, pageLoadStrategy: normal, platformName: WINDOWS, proxy: Proxy(), se:cdp: ws://localhost:59427/devtoo..., se:cdpVersion: 115.0.5790.171, setWindowRect: true, strictFileInteractability: false, timeouts: {implicit: 0, pageLoad: 300000, script: 30000}, unhandledPromptBehavior: dismiss and notify, webauthn:extension:credBlob: true, webauthn:extension:largeBlob: true, webauthn:extension:minPinLength: true, webauthn:extension:prf: true, webauthn:virtualAuthenticators: true}
Element: [[ChromeDriver: chrome on WINDOWS (75c9e2019cf200b63f90b3ef72235ac7)] -> id: checkBoxOption1]
Session ID: 75c9e2019cf200b63f90b3ef72235ac7
at java.base/jdk.internal.reflect.NativeConstructorAccessorImpl.newInstance0(Native Method)
at java.base/jdk.internal.reflect.NativeConstructorAccessorImpl.newInstance(NativeConstructorAccessorImpl.java:77)
at java.base/jdk.internal.reflect.DelegatingConstructorAccessorImpl.newInstance(DelegatingConstructorAccessorImpl.java:45)
at java.base/java.lang.reflect.Constructor.newInstanceWithCaller(Constructor.java:499)
at java.base/java.lang.reflect.Constructor.newInstance(Constructor.java:480)
at org.openqa.selenium.remote.codec.w3c.W3CHttpResponseCodec.createException(W3CHttpResponseCodec.java:200)
at org.openqa.selenium.remote.codec.w3c.W3CHttpResponseCodec.decode(W3CHttpResponseCodec.java:133)
at org.openqa.selenium.remote.codec.w3c.W3CHttpResponseCodec.decode(W3CHttpResponseCodec.java:53)
at org.openqa.selenium.remote.HttpCommandExecutor.execute(HttpCommandExecutor.java:193)
at org.openqa.selenium.remote.service.DriverCommandExecutor.invokeExecute(DriverCommandExecutor.java:183)
at org.openqa.selenium.remote.service.DriverCommandExecutor.execute(DriverCommandExecutor.java:158)
at org.openqa.selenium.remote.RemoteWebDriver.execute(RemoteWebDriver.java:543)
at org.openqa.selenium.remote.RemoteWebElement.execute(RemoteWebElement.java:257)
at org.openqa.selenium.remote.RemoteWebElement.click(RemoteWebElement.java:78)
at ca.codenbox.Final_E2E_Maven.Radiobtn_Test.checkBoxTest(Radiobtn_Test.java:34)
at java.base/jdk.internal.reflect.NativeMethodAccessorImpl.invoke0(Native Method)
at java.base/jdk.internal.reflect.NativeMethodAccessorImpl.invoke(NativeMethodAccessorImpl.java:77)
at java.base/jdk.internal.reflect.DelegatingMethodAccessorImpl.invoke(DelegatingMethodAccessorImpl.java:43)
at java.base/java.lang.reflect.Method.invoke(Method.java:568)
at org.testng.internal.MethodInvocationHelper.invokeMethod(MethodInvocationHelper.java:124)
at org.testng.internal.Invoker.invokeMethod(Invoker.java:583)
at org.testng.internal.Invoker.invokeTestMethod(Invoker.java:719)
at org.testng.internal.Invoker.invokeTestMethods(Invoker.java:989)
at org.testng.internal.TestMethodWorker.invokeTestMethods(TestMethodWorker.java:125)
at org.testng.internal.TestMethodWorker.run(TestMethodWorker.java:109)
at org.testng.TestRunner.privateRun(TestRunner.java:648)
at org.testng.TestRunner.run(TestRunner.java:505)
at org.testng.SuiteRunner.runTest(SuiteRunner.java:455)
at org.testng.SuiteRunner.runSequentially(SuiteRunner.java:450)
at org.testng.SuiteRunner.privateRun(SuiteRunner.java:415)
at org.testng.SuiteRunner.run(SuiteRunner.java:364)
at org.testng.SuiteRunnerWorker.runSuite(SuiteRunnerWorker.java:52)
at org.testng.SuiteRunnerWorker.run(SuiteRunnerWorker.java:84)
at org.testng.TestNG.runSuitesSequentially(TestNG.java:1208)
at org.testng.TestNG.runSuitesLocally(TestNG.java:1137)
at org.testng.TestNG.runSuites(TestNG.java:1049)
at org.testng.TestNG.run(TestNG.java:1017)
at org.apache.maven.surefire.testng.TestNGExecutor.run(TestNGExecutor.java:324)
at org.apache.maven.surefire.testng.TestNGXmlTestSuite.execute(TestNGXmlTestSuite.java:74)
at org.apache.maven.surefire.testng.TestNGProvider.invoke(TestNGProvider.java:123)
at org.apache.maven.surefire.booter.ForkedBooter.runSuitesInProcess(ForkedBooter.java:456)
at org.apache.maven.surefire.booter.ForkedBooter.execute(ForkedBooter.java:169)
at org.apache.maven.surefire.booter.ForkedBooter.run(ForkedBooter.java:595)
at org.apache.maven.surefire.booter.ForkedBooter.main(ForkedBooter.java:581)
]]>
            </full-stacktrace>
          </exception> <!-- org.openqa.selenium.ElementClickInterceptedException -->
          <reporter-output>
          </reporter-output>
        </test-method> <!-- checkBoxTest -->
        <test-method is-config="true" signature="tear_down()[pri:0, instance:ca.codenbox.Final_E2E_Maven.Radiobtn_Test@24b6b8f6]" started-at="2023-08-11T20:55:35Z" name="tear_down" finished-at="2023-08-11T20:55:35Z" duration-ms="324" status="PASS">
          <reporter-output>
          </reporter-output>
        </test-method> <!-- tear_down -->
      </class> <!-- ca.codenbox.Final_E2E_Maven.Radiobtn_Test -->
      <class name="ca.codenbox.Final_E2E_Maven.LoginTest">
        <test-method signature="dologin(java.lang.Object)[pri:0, instance:ca.codenbox.Final_E2E_Maven.LoginTest@10993713]" started-at="2023-08-11T20:55:10Z" name="dologin" finished-at="2023-08-11T20:55:10Z" duration-ms="0" status="FAIL">
          <exception class="org.testng.TestNGException">
            <message>
              <![CDATA[
Cannot inject @Test annotated Method [dologin] with [class java.lang.Object].
For more information on native dependency injection please refer to http://testng.org/doc/documentation-main.html#native-dependency-injection]]>
            </message>
            <full-stacktrace>
              <![CDATA[org.testng.TestNGException: 
Cannot inject @Test annotated Method [dologin] with [class java.lang.Object].
For more information on native dependency injection please refer to http://testng.org/doc/documentation-main.html#native-dependency-injection
at org.testng.internal.Parameters.checkParameterTypes(Parameters.java:407)
at org.testng.internal.Parameters.createParametersForMethod(Parameters.java:356)
at org.testng.internal.Parameters.createParameters(Parameters.java:635)
at org.testng.internal.Parameters.handleParameters(Parameters.java:769)
at org.testng.internal.ParameterHandler.handleParameters(ParameterHandler.java:49)
at org.testng.internal.ParameterHandler.createParameters(ParameterHandler.java:37)
at org.testng.internal.Invoker.invokeTestMethods(Invoker.java:924)
at org.testng.internal.TestMethodWorker.invokeTestMethods(TestMethodWorker.java:125)
at org.testng.internal.TestMethodWorker.run(TestMethodWorker.java:109)
at org.testng.TestRunner.privateRun(TestRunner.java:648)
at org.testng.TestRunner.run(TestRunner.java:505)
at org.testng.SuiteRunner.runTest(SuiteRunner.java:455)
at org.testng.SuiteRunner.runSequentially(SuiteRunner.java:450)
at org.testng.SuiteRunner.privateRun(SuiteRunner.java:415)
at org.testng.SuiteRunner.run(SuiteRunner.java:364)
at org.testng.SuiteRunnerWorker.runSuite(SuiteRunnerWorker.java:52)
at org.testng.SuiteRunnerWorker.run(SuiteRunnerWorker.java:84)
at org.testng.TestNG.runSuitesSequentially(TestNG.java:1208)
at org.testng.TestNG.runSuitesLocally(TestNG.java:1137)
at org.testng.TestNG.runSuites(TestNG.java:1049)
at org.testng.TestNG.run(TestNG.java:1017)
at org.apache.maven.surefire.testng.TestNGExecutor.run(TestNGExecutor.java:324)
at org.apache.maven.surefire.testng.TestNGXmlTestSuite.execute(TestNGXmlTestSuite.java:74)
at org.apache.maven.surefire.testng.TestNGProvider.invoke(TestNGProvider.java:123)
at org.apache.maven.surefire.booter.ForkedBooter.runSuitesInProcess(ForkedBooter.java:456)
at org.apache.maven.surefire.booter.ForkedBooter.execute(ForkedBooter.java:169)
at org.apache.maven.surefire.booter.ForkedBooter.run(ForkedBooter.java:595)
at org.apache.maven.surefire.booter.ForkedBooter.main(ForkedBooter.java:581)
]]>
            </full-stacktrace>
          </exception> <!-- org.testng.TestNGException -->
          <reporter-output>
          </reporter-output>
        </test-method> <!-- dologin -->
      </class> <!-- ca.codenbox.Final_E2E_Maven.LoginTest -->
    </test> <!-- Test -->
  </suite> <!-- Suite -->
</testng-results>
